<?xml version="1.0" encoding="UTF-8" ?>
<testsuite tests="8" failures="0" name="com.turkmen.transfers.money.MoneyTransferApiTests" time="3.072" errors="0" skipped="0">
  <properties>
[...]
</properties>
  <testcase classname="com.turkmen.transfers.money.MoneyTransferApiTests" name="testGetAccountsResponseSize" time="1.386"/>
  <testcase classname="com.turkmen.transfers.money.MoneyTransferApiTests" name="testGetAccountsStatusCode" time="0.338"/>
  <testcase classname="com.turkmen.transfers.money.MoneyTransferApiTests" name="testCreateAccount" time="0.226"/>
  <testcase classname="com.turkmen.transfers.money.MoneyTransferApiTests" name="testGetCustomersResponseSize" time="0.192"/>
  <testcase classname="com.turkmen.transfers.money.MoneyTransferApiTests" name="testGetAccountsReturnMediaType" time="0.18"/>
  <testcase classname="com.turkmen.transfers.money.MoneyTransferApiTests" name="testCreateCustomer" time="0.205"/>
  <testcase classname="com.turkmen.transfers.money.MoneyTransferApiTests" name="testGetCustomersStatusCode" time="0.255"/>
  <testcase classname="com.turkmen.transfers.money.MoneyTransferApiTests" name="testGetCustomersReturnMediaType" time="0.29"/>
</testsuite>